<?xml version="1.0" encoding="UTF-8"?>
<testsuite name="com.github.submarine.nova.fleet.ShipTest" tests="5" skipped="0" failures="0" errors="0" timestamp="2021-07-08T01:18:41" hostname="renzoBox" time="0.036">
  <properties/>
  <testcase name="takeDamage()" classname="com.github.submarine.nova.fleet.ShipTest" time="0.016"/>
  <testcase name="getName()" classname="com.github.submarine.nova.fleet.ShipTest" time="0.002"/>
  <testcase name="getArmour()" classname="com.github.submarine.nova.fleet.ShipTest" time="0.001"/>
  <testcase name="getHealth()" classname="com.github.submarine.nova.fleet.ShipTest" time="0.002"/>
  <testcase name="getWeapon()" classname="com.github.submarine.nova.fleet.ShipTest" time="0.008"/>
  <system-out><![CDATA[]]></system-out>
  <system-err><![CDATA[]]></system-err>
</testsuite>
