<?xml version="1.0" encoding="UTF-8"?>
<testsuite name="com.github.submarine.nova.armours.PlasteelTest" tests="1" skipped="0" failures="0" errors="0" timestamp="2021-07-28T00:01:18" hostname="renzoBox" time="0.0">
  <properties/>
  <testcase name="plasteel()" classname="com.github.submarine.nova.armours.PlasteelTest" time="0.0"/>
  <system-out><![CDATA[]]></system-out>
  <system-err><![CDATA[]]></system-err>
</testsuite>
