<?xml version="1.0" encoding="UTF-8"?>
<testsuite name="com.github.submarine.nova.armours.ArmourTest" tests="4" skipped="0" failures="0" errors="0" timestamp="2021-07-28T00:01:18" hostname="renzoBox" time="0.009">
  <properties/>
  <testcase name="getIntegrity()" classname="com.github.submarine.nova.armours.ArmourTest" time="0.002"/>
  <testcase name="getResist()" classname="com.github.submarine.nova.armours.ArmourTest" time="0.0"/>
  <testcase name="reduceIntegrity()" classname="com.github.submarine.nova.armours.ArmourTest" time="0.001"/>
  <testcase name="getValue()" classname="com.github.submarine.nova.armours.ArmourTest" time="0.001"/>
  <system-out><![CDATA[]]></system-out>
  <system-err><![CDATA[]]></system-err>
</testsuite>
