<?xml version="1.0" encoding="UTF-8"?>
<testsuite name="com.github.submarine.nova.fleet.ShipTest" tests="5" skipped="0" failures="0" errors="0" timestamp="2021-07-28T00:01:18" hostname="renzoBox" time="0.033">
  <properties/>
  <testcase name="takeDamage()" classname="com.github.submarine.nova.fleet.ShipTest" time="0.017"/>
  <testcase name="getName()" classname="com.github.submarine.nova.fleet.ShipTest" time="0.004"/>
  <testcase name="getArmour()" classname="com.github.submarine.nova.fleet.ShipTest" time="0.002"/>
  <testcase name="getHealth()" classname="com.github.submarine.nova.fleet.ShipTest" time="0.001"/>
  <testcase name="getWeapon()" classname="com.github.submarine.nova.fleet.ShipTest" time="0.002"/>
  <system-out><![CDATA[]]></system-out>
  <system-err><![CDATA[]]></system-err>
</testsuite>
